I, [2017-04-27T10:34:18.381942 #15970]  INFO -- default-ubuntu: -----> Destroying <default-ubuntu>...
I, [2017-04-27T10:34:19.066466 #15970]  INFO -- default-ubuntu: Refreshing Terraform state in-memory prior to plan...
I, [2017-04-27T10:34:19.066652 #15970]  INFO -- default-ubuntu: The refreshed state will be used to calculate this plan, but will not be
I, [2017-04-27T10:34:19.066675 #15970]  INFO -- default-ubuntu: persisted to local or remote state storage.
I, [2017-04-27T10:34:19.066690 #15970]  INFO -- default-ubuntu: 
I, [2017-04-27T10:34:24.598200 #15970]  INFO -- default-ubuntu: aws_vpc.main: Refreshing state... (ID: vpc-82e36ae6)
I, [2017-04-27T10:34:24.598485 #15970]  INFO -- default-ubuntu: aws_cloudwatch_log_group.main_log_group: Refreshing state... (ID: kitchen-test-flow-logs)
I, [2017-04-27T10:34:24.599684 #15970]  INFO -- default-ubuntu: data.aws_region.current: Refreshing state...
I, [2017-04-27T10:34:24.599934 #15970]  INFO -- default-ubuntu: data.aws_iam_policy_document.flow_log_statements: Refreshing state...
I, [2017-04-27T10:34:24.600289 #15970]  INFO -- default-ubuntu: data.aws_iam_policy_document.assume_role_policy: Refreshing state...
I, [2017-04-27T10:34:24.601140 #15970]  INFO -- default-ubuntu: aws_iam_role.flow_log: Refreshing state... (ID: kitchen-test-vpc-flow-log)
I, [2017-04-27T10:34:24.754826 #15970]  INFO -- default-ubuntu: aws_vpc_dhcp_options.main: Refreshing state... (ID: dopt-47a77023)
I, [2017-04-27T10:34:26.160068 #15970]  INFO -- default-ubuntu: aws_internet_gateway.main: Refreshing state... (ID: igw-18e5ee7d)
I, [2017-04-27T10:34:26.160456 #15970]  INFO -- default-ubuntu: aws_vpc_dhcp_options_association.main: Refreshing state... (ID: dopt-47a77023-vpc-82e36ae6)
I, [2017-04-27T10:34:26.309022 #15970]  INFO -- default-ubuntu: aws_flow_log.main_flow_log: Refreshing state... (ID: fl-4c6d8525)
I, [2017-04-27T10:34:26.309208 #15970]  INFO -- default-ubuntu: aws_iam_role_policy.flow_log_policy: Refreshing state... (ID: kitchen-test-vpc-flow-log:allow_cw_logs)
I, [2017-04-27T10:34:27.939559 #15970]  INFO -- default-ubuntu: The Terraform execution plan has been generated and is shown below.
I, [2017-04-27T10:34:27.939660 #15970]  INFO -- default-ubuntu: Resources are shown in alphabetical order for quick scanning. Green resources
I, [2017-04-27T10:34:27.939711 #15970]  INFO -- default-ubuntu: will be created (or destroyed and then created if an existing resource
I, [2017-04-27T10:34:27.939766 #15970]  INFO -- default-ubuntu: exists), yellow resources are being changed in-place, and red resources
I, [2017-04-27T10:34:27.939866 #15970]  INFO -- default-ubuntu: will be destroyed. Cyan entries are data sources to be read.
I, [2017-04-27T10:34:27.939895 #15970]  INFO -- default-ubuntu: 
I, [2017-04-27T10:34:27.939976 #15970]  INFO -- default-ubuntu: Your plan was also saved to the path below. Call the "apply" subcommand
I, [2017-04-27T10:34:27.940127 #15970]  INFO -- default-ubuntu: with this plan file and Terraform will exactly execute this execution
I, [2017-04-27T10:34:27.940169 #15970]  INFO -- default-ubuntu: plan.
I, [2017-04-27T10:34:27.940192 #15970]  INFO -- default-ubuntu: 
I, [2017-04-27T10:34:27.940301 #15970]  INFO -- default-ubuntu: Path: /Users/paul.borg/work/ops-terraform-modules/network/vpc/.kitchen/kitchen-terraform/default-ubuntu/terraform.tfplan
I, [2017-04-27T10:34:27.940335 #15970]  INFO -- default-ubuntu: 
I, [2017-04-27T10:34:27.940421 #15970]  INFO -- default-ubuntu: - aws_cloudwatch_log_group.main_log_group
I, [2017-04-27T10:34:27.940449 #15970]  INFO -- default-ubuntu: 
I, [2017-04-27T10:34:27.940523 #15970]  INFO -- default-ubuntu: - aws_flow_log.main_flow_log
I, [2017-04-27T10:34:27.940548 #15970]  INFO -- default-ubuntu: 
I, [2017-04-27T10:34:27.940658 #15970]  INFO -- default-ubuntu: - aws_iam_role.flow_log
I, [2017-04-27T10:34:27.940689 #15970]  INFO -- default-ubuntu: 
I, [2017-04-27T10:34:27.940721 #15970]  INFO -- default-ubuntu: - aws_iam_role_policy.flow_log_policy
I, [2017-04-27T10:34:27.940754 #15970]  INFO -- default-ubuntu: 
I, [2017-04-27T10:34:27.940783 #15970]  INFO -- default-ubuntu: - aws_internet_gateway.main
I, [2017-04-27T10:34:27.940826 #15970]  INFO -- default-ubuntu: 
I, [2017-04-27T10:34:27.940854 #15970]  INFO -- default-ubuntu: - aws_vpc.main
I, [2017-04-27T10:34:27.940879 #15970]  INFO -- default-ubuntu: 
I, [2017-04-27T10:34:27.940903 #15970]  INFO -- default-ubuntu: - aws_vpc_dhcp_options.main
I, [2017-04-27T10:34:27.940941 #15970]  INFO -- default-ubuntu: 
I, [2017-04-27T10:34:27.941107 #15970]  INFO -- default-ubuntu: - aws_vpc_dhcp_options_association.main
I, [2017-04-27T10:34:27.941126 #15970]  INFO -- default-ubuntu: 
I, [2017-04-27T10:34:27.941140 #15970]  INFO -- default-ubuntu: - data.aws_iam_policy_document.assume_role_policy
I, [2017-04-27T10:34:27.941153 #15970]  INFO -- default-ubuntu: 
I, [2017-04-27T10:34:27.941166 #15970]  INFO -- default-ubuntu: - data.aws_iam_policy_document.flow_log_statements
I, [2017-04-27T10:34:27.941177 #15970]  INFO -- default-ubuntu: 
I, [2017-04-27T10:34:27.941260 #15970]  INFO -- default-ubuntu: - data.aws_region.current
I, [2017-04-27T10:34:27.941272 #15970]  INFO -- default-ubuntu: Plan: 0 to add, 0 to change, 8 to destroy.
I, [2017-04-27T10:34:32.756643 #15970]  INFO -- default-ubuntu: aws_internet_gateway.main: Destroying... (ID: igw-18e5ee7d)
I, [2017-04-27T10:34:32.756932 #15970]  INFO -- default-ubuntu: aws_flow_log.main_flow_log: Destroying... (ID: fl-4c6d8525)
I, [2017-04-27T10:34:32.757069 #15970]  INFO -- default-ubuntu: aws_iam_role_policy.flow_log_policy: Destroying... (ID: kitchen-test-vpc-flow-log:allow_cw_logs)
I, [2017-04-27T10:34:32.757442 #15970]  INFO -- default-ubuntu: aws_vpc_dhcp_options_association.main: Destroying... (ID: dopt-47a77023-vpc-82e36ae6)
I, [2017-04-27T10:34:32.915321 #15970]  INFO -- default-ubuntu: aws_vpc_dhcp_options_association.main: Destruction complete
I, [2017-04-27T10:34:32.916866 #15970]  INFO -- default-ubuntu: aws_vpc_dhcp_options.main: Destroying... (ID: dopt-47a77023)
I, [2017-04-27T10:34:32.960218 #15970]  INFO -- default-ubuntu: aws_flow_log.main_flow_log: Destruction complete
I, [2017-04-27T10:34:32.963063 #15970]  INFO -- default-ubuntu: aws_cloudwatch_log_group.main_log_group: Destroying... (ID: kitchen-test-flow-logs)
I, [2017-04-27T10:34:33.154953 #15970]  INFO -- default-ubuntu: aws_vpc_dhcp_options.main: Destruction complete
I, [2017-04-27T10:34:33.156207 #15970]  INFO -- default-ubuntu: data.aws_region.current: Destroying... (ID: ap-southeast-2)
I, [2017-04-27T10:34:33.156302 #15970]  INFO -- default-ubuntu: data.aws_region.current: Destruction complete
I, [2017-04-27T10:34:33.162598 #15970]  INFO -- default-ubuntu: aws_cloudwatch_log_group.main_log_group: Destruction complete
I, [2017-04-27T10:34:34.276206 #15970]  INFO -- default-ubuntu: aws_iam_role_policy.flow_log_policy: Destruction complete
I, [2017-04-27T10:34:34.280041 #15970]  INFO -- default-ubuntu: data.aws_iam_policy_document.flow_log_statements: Destroying... (ID: 3442509011)
I, [2017-04-27T10:34:34.280229 #15970]  INFO -- default-ubuntu: aws_iam_role.flow_log: Destroying... (ID: kitchen-test-vpc-flow-log)
I, [2017-04-27T10:34:34.280394 #15970]  INFO -- default-ubuntu: data.aws_iam_policy_document.flow_log_statements: Destruction complete
I, [2017-04-27T10:34:37.553376 #15970]  INFO -- default-ubuntu: aws_iam_role.flow_log: Destruction complete
I, [2017-04-27T10:34:37.556505 #15970]  INFO -- default-ubuntu: data.aws_iam_policy_document.assume_role_policy: Destroying... (ID: 3760307347)
I, [2017-04-27T10:34:37.556804 #15970]  INFO -- default-ubuntu: data.aws_iam_policy_document.assume_role_policy: Destruction complete
I, [2017-04-27T10:34:42.757452 #15970]  INFO -- default-ubuntu: aws_internet_gateway.main: Still destroying... (ID: igw-18e5ee7d, 10s elapsed)
I, [2017-04-27T10:34:43.195324 #15970]  INFO -- default-ubuntu: aws_internet_gateway.main: Destruction complete
I, [2017-04-27T10:34:43.198796 #15970]  INFO -- default-ubuntu: aws_vpc.main: Destroying... (ID: vpc-82e36ae6)
I, [2017-04-27T10:34:43.481870 #15970]  INFO -- default-ubuntu: aws_vpc.main: Destruction complete
I, [2017-04-27T10:34:43.485286 #15970]  INFO -- default-ubuntu: 
I, [2017-04-27T10:34:43.485438 #15970]  INFO -- default-ubuntu: Apply complete! Resources: 0 added, 0 changed, 11 destroyed.
I, [2017-04-27T10:34:43.510048 #15970]  INFO -- default-ubuntu: Finished destroying <default-ubuntu> (0m25.13s).
